Build started 2014-01-25 02:49:46.
     1>Project "C:\Users\Wojtek\Desktop\KrakJam2014\Box2D_v2.3.0\Box2D\Build\vs2012\FreeGLUT.vcxproj" on node 3 (Build target(s)).
     1>ClCompile:
         C:\Program Files (x86)\Microsoft Visual Studio 12.0\VC\bin\CL.exe /c /ZI /nologo /W3 /WX- /Od /Oy- /D _CRT_SECURE_NO_WARNINGS /D _MBCS /Gm /EHsc /RTC1 /MDd /GS /Gy /fp:precise /Zc:wchar_t /Zc:forScope /Fo"obj\x32\Debug\FreeGLUT\\" /Fd"bin\Debug\FreeGLUT.pdb" /Gd /TC /analyze- /errorReport:prompt ..\..\freeglut\freeglut_callbacks.c ..\..\freeglut\freeglut_cursor.c ..\..\freeglut\freeglut_display.c ..\..\freeglut\freeglut_ext.c ..\..\freeglut\freeglut_font.c ..\..\freeglut\freeglut_font_data.c ..\..\freeglut\freeglut_gamemode.c ..\..\freeglut\freeglut_geometry.c ..\..\freeglut\freeglut_glutfont_definitions.c ..\..\freeglut\freeglut_init.c ..\..\freeglut\freeglut_input_devices.c ..\..\freeglut\freeglut_joystick.c ..\..\freeglut\freeglut_main.c ..\..\freeglut\freeglut_menu.c ..\..\freeglut\freeglut_misc.c ..\..\freeglut\freeglut_overlay.c ..\..\freeglut\freeglut_spaceball.c ..\..\freeglut\freeglut_state.c ..\..\freeglut\freeglut_stroke_mono_roman.c ..\..\freeglut\freeglut_stroke_roman.c ..\..\freeglut\freeglut_structure.c ..\..\freeglut\freeglut_teapot.c ..\..\freeglut\freeglut_videoresize.c ..\..\freeglut\freeglut_window.c
         freeglut_window.c
         freeglut_videoresize.c
         freeglut_teapot.c
         freeglut_structure.c
         freeglut_stroke_roman.c
         freeglut_stroke_mono_roman.c
         freeglut_state.c
         freeglut_spaceball.c
         freeglut_overlay.c
         freeglut_misc.c
         freeglut_menu.c
         freeglut_main.c
         freeglut_joystick.c
         freeglut_input_devices.c
         freeglut_init.c
         freeglut_glutfont_definitions.c
         freeglut_geometry.c
         freeglut_gamemode.c
         freeglut_font_data.c
         freeglut_font.c
         Generating Code...
         Compiling...
         freeglut_ext.c
         freeglut_display.c
         freeglut_cursor.c
         freeglut_callbacks.c
         Generating Code...
       Lib:
         C:\Program Files (x86)\Microsoft Visual Studio 12.0\VC\bin\Lib.exe /OUT:"bin\Debug\FreeGLUT.lib" /NOLOGO /MACHINE:X86 obj\x32\Debug\FreeGLUT\freeglut_callbacks.obj
         obj\x32\Debug\FreeGLUT\freeglut_cursor.obj
         obj\x32\Debug\FreeGLUT\freeglut_display.obj
         obj\x32\Debug\FreeGLUT\freeglut_ext.obj
         obj\x32\Debug\FreeGLUT\freeglut_font.obj
         obj\x32\Debug\FreeGLUT\freeglut_font_data.obj
         obj\x32\Debug\FreeGLUT\freeglut_gamemode.obj
         obj\x32\Debug\FreeGLUT\freeglut_geometry.obj
         obj\x32\Debug\FreeGLUT\freeglut_glutfont_definitions.obj
         obj\x32\Debug\FreeGLUT\freeglut_init.obj
         obj\x32\Debug\FreeGLUT\freeglut_input_devices.obj
         obj\x32\Debug\FreeGLUT\freeglut_joystick.obj
         obj\x32\Debug\FreeGLUT\freeglut_main.obj
         obj\x32\Debug\FreeGLUT\freeglut_menu.obj
         obj\x32\Debug\FreeGLUT\freeglut_misc.obj
         obj\x32\Debug\FreeGLUT\freeglut_overlay.obj
         obj\x32\Debug\FreeGLUT\freeglut_spaceball.obj
         obj\x32\Debug\FreeGLUT\freeglut_state.obj
         obj\x32\Debug\FreeGLUT\freeglut_stroke_mono_roman.obj
         obj\x32\Debug\FreeGLUT\freeglut_stroke_roman.obj
         obj\x32\Debug\FreeGLUT\freeglut_structure.obj
         obj\x32\Debug\FreeGLUT\freeglut_teapot.obj
         obj\x32\Debug\FreeGLUT\freeglut_videoresize.obj
         obj\x32\Debug\FreeGLUT\freeglut_window.obj
         FreeGLUT.vcxproj -> C:\Users\Wojtek\Desktop\KrakJam2014\Box2D_v2.3.0\Box2D\Build\vs2012\bin\Debug\FreeGLUT.lib
     1>Done Building Project "C:\Users\Wojtek\Desktop\KrakJam2014\Box2D_v2.3.0\Box2D\Build\vs2012\FreeGLUT.vcxproj" (Build target(s)).

Build succeeded.

Time Elapsed 00:00:17.64
