Build started 2014-01-25 03:42:21.
     1>Project "J:\compo\krakjam2014\KrakJam2014\KrakJam2013\KrakJam2013.vcxproj" on node 2 (build target(s)).
     1>InitializeBuildStatus:
         Touching "Debug\KrakJam2013.unsuccessfulbuild".
       ClCompile:
         All outputs are up-to-date.
         c:\Program Files (x86)\Microsoft Visual Studio 10.0\VC\bin\CL.exe /c /Zi /nologo /W3 /WX- /Od /Oy- /D WIN32 /D _DEBUG /D _WINDOWS /D _MBCS /Gm /EHsc /RTC1 /MDd /GS /fp:precise /Zc:wchar_t /Zc:forScope /Yu"pch.hpp" /Fp"Debug\KrakJam2013.pch" /Fo"Debug\\" /Fd"Debug\vc100.pdb" /Gd /TP /analyze- /errorReport:prompt Dot.cpp GameScreen.cpp main.cpp
         Dot.cpp
         Generating Code...
         Skipping... (no relevant changes detected)
         main.cpp
         GameScreen.cpp
       ManifestResourceCompile:
         All outputs are up-to-date.
       Link:
         c:\Program Files (x86)\Microsoft Visual Studio 10.0\VC\bin\link.exe /ERRORREPORT:PROMPT /OUT:"J:\compo\krakjam2014\KrakJam2014\Debug\KrakJam2013.exe" /INCREMENTAL /NOLOGO "sfml-audio-d.lib" "sfml-graphics-d.lib" "sfml-main-d.lib" "sfml-network-d.lib" "sfml-system-d.lib" "sfml-window-d.lib" kernel32.lib user32.lib gdi32.lib winspool.lib comdlg32.lib advapi32.lib shell32.lib ole32.lib oleaut32.lib uuid.lib odbc32.lib odbccp32.lib /MANIFEST /ManifestFile:"Debug\KrakJam2013.exe.intermediate.manifest" /MANIFESTUAC:"level='asInvoker' uiAccess='false'" /DEBUG /PDB:"J:\compo\krakjam2014\KrakJam2014\Debug\KrakJam2013.pdb" /SUBSYSTEM:WINDOWS /TLBID:1 /DYNAMICBASE /NXCOMPAT /IMPLIB:"J:\compo\krakjam2014\KrakJam2014\Debug\KrakJam2013.lib" /MACHINE:X86 Debug\KrakJam2013.exe.embed.manifest.res
         Debug\Animation.obj
         Debug\Dot.obj
         Debug\GameScreen.obj
         Debug\main.obj
         Debug\MenuScreen.obj
         Debug\Parallax.obj
         Debug\pch.obj
         Debug\PopupText.obj
         Debug\SampleScreen.obj
         Debug\ScreenManager.obj
         Debug\Sound.obj
     1>sfml-main-d.lib(SFML_Main.cpp.obj) : warning LNK4099: PDB 'sfml-main-d.pdb' was not found with 'sfml-main-d.lib(SFML_Main.cpp.obj)' or at 'J:\compo\krakjam2014\KrakJam2014\Debug\sfml-main-d.pdb'; linking object as if no debug info
       Manifest:
         C:\Program Files (x86)\Microsoft SDKs\Windows\v7.0A\bin\mt.exe /nologo /verbose /out:"Debug\KrakJam2013.exe.embed.manifest" /manifest Debug\KrakJam2013.exe.intermediate.manifest
         All outputs are up-to-date.
       LinkEmbedManifest:
         All outputs are up-to-date.
         KrakJam2013.vcxproj -> J:\compo\krakjam2014\KrakJam2014\Debug\KrakJam2013.exe
       FinalizeBuildStatus:
         Deleting file "Debug\KrakJam2013.unsuccessfulbuild".
         Touching "Debug\KrakJam2013.lastbuildstate".
     1>Done Building Project "J:\compo\krakjam2014\KrakJam2014\KrakJam2013\KrakJam2013.vcxproj" (build target(s)).

Build succeeded.

Time Elapsed 00:00:01.06
